JetCoffee/app/build/intermediates/manifest_merge_blame_file/debug/manifest-merger-blame-debug-report.txt
1<?xml version="1.0" encoding="utf-8"?>
2<manifest xmlns:android="http://schemas.android.com/apk/res/android"
3    package="com.goggxi.jetcoffee"
4    android:versionCode="1"
5    android:versionName="1.0" >
6
7    <uses-sdk
8        android:minSdkVersion="22"
8-->src/main/AndroidManifest.xml
9        android:targetSdkVersion="32" />
9-->src/main/AndroidManifest.xml
10
11    <application
11-->src/main/AndroidManifest.xml:5:5-30:19
12        android:allowBackup="true"
12-->src/main/AndroidManifest.xml:6:9-35
13        android:appComponentFactory="androidx.core.app.CoreComponentFactory"
13-->[androidx.core:core:1.7.0] AndroidManifest.xml:24:18-86
14        android:dataExtractionRules="@xml/data_extraction_rules"
14-->src/main/AndroidManifest.xml:7:9-65
15        android:debuggable="true"
16        android:fullBackupContent="@xml/backup_rules"
16-->src/main/AndroidManifest.xml:8:9-54
17        android:icon="@mipmap/ic_launcher"
17-->src/main/AndroidManifest.xml:9:9-43
18        android:label="@string/app_name"
18-->src/main/AndroidManifest.xml:10:9-41
19        android:roundIcon="@mipmap/ic_launcher_round"
19-->src/main/AndroidManifest.xml:11:9-54
20        android:supportsRtl="true"
20-->src/main/AndroidManifest.xml:12:9-35
21        android:theme="@style/Theme.JetCoffee" >
21-->src/main/AndroidManifest.xml:13:9-47
22        <activity
22-->src/main/AndroidManifest.xml:15:9-29:20
23            android:name="com.goggxi.jetcoffee.MainActivity"
23-->src/main/AndroidManifest.xml:16:13-41
24            android:exported="true"
24-->src/main/AndroidManifest.xml:17:13-36
25            android:label="@string/app_name"
25-->src/main/AndroidManifest.xml:18:13-45
26            android:theme="@style/Theme.JetCoffee" >
26-->src/main/AndroidManifest.xml:19:13-51
27            <intent-filter>
27-->src/main/AndroidManifest.xml:20:13-24:29
28                <action android:name="android.intent.action.MAIN" />
28-->src/main/AndroidManifest.xml:21:17-69
28-->src/main/AndroidManifest.xml:21:25-66
29
30                <category android:name="android.intent.category.LAUNCHER" />
30-->src/main/AndroidManifest.xml:23:17-77
30-->src/main/AndroidManifest.xml:23:27-74
31            </intent-filter>
32
33            <meta-data
33-->src/main/AndroidManifest.xml:26:13-28:36
34                android:name="android.app.lib_name"
34-->src/main/AndroidManifest.xml:27:17-52
35                android:value="" />
35-->src/main/AndroidManifest.xml:28:17-33
36        </activity>
37        <activity
37-->[androidx.compose.ui:ui-tooling:1.1.1] AndroidManifest.xml:25:9-27:39
38            android:name="androidx.compose.ui.tooling.PreviewActivity"
38-->[androidx.compose.ui:ui-tooling:1.1.1] AndroidManifest.xml:26:13-71
39            android:exported="true" />
39-->[androidx.compose.ui:ui-tooling:1.1.1] AndroidManifest.xml:27:13-36
40        <activity
40-->[androidx.compose.ui:ui-test-manifest:1.1.1] AndroidManifest.xml:25:9-27:39
41            android:name="androidx.activity.ComponentActivity"
41-->[androidx.compose.ui:ui-test-manifest:1.1.1] AndroidManifest.xml:26:13-63
42            android:exported="true" />
42-->[androidx.compose.ui:ui-test-manifest:1.1.1] AndroidManifest.xml:27:13-36
43
44        <provider
44-->[androidx.profileinstaller:profileinstaller:1.1.0] AndroidManifest.xml:26:9-34:20
45            android:name="androidx.startup.InitializationProvider"
45-->[androidx.profileinstaller:profileinstaller:1.1.0] AndroidManifest.xml:27:13-67
46            android:authorities="com.goggxi.jetcoffee.androidx-startup"
46-->[androidx.profileinstaller:profileinstaller:1.1.0] AndroidManifest.xml:28:13-68
47            android:exported="false" >
47-->[androidx.profileinstaller:profileinstaller:1.1.0] AndroidManifest.xml:29:13-37
48            <meta-data
48-->[androidx.profileinstaller:profileinstaller:1.1.0] AndroidManifest.xml:31:13-33:52
49                android:name="androidx.profileinstaller.ProfileInstallerInitializer"
49-->[androidx.profileinstaller:profileinstaller:1.1.0] AndroidManifest.xml:32:17-85
50                android:value="androidx.startup" />
50-->[androidx.profileinstaller:profileinstaller:1.1.0] AndroidManifest.xml:33:17-49
51        </provider>
52
53        <receiver
53-->[androidx.profileinstaller:profileinstaller:1.1.0] AndroidManifest.xml:36:9-45:20
54            android:name="androidx.profileinstaller.ProfileInstallReceiver"
54-->[androidx.profileinstaller:profileinstaller:1.1.0] AndroidManifest.xml:37:13-76
55            android:directBootAware="false"
55-->[androidx.profileinstaller:profileinstaller:1.1.0] AndroidManifest.xml:38:13-44
56            android:enabled="true"
56-->[androidx.profileinstaller:profileinstaller:1.1.0] AndroidManifest.xml:39:13-35
57            android:exported="true"
57-->[androidx.profileinstaller:profileinstaller:1.1.0] AndroidManifest.xml:40:13-36
58            android:permission="android.permission.DUMP" >
58-->[androidx.profileinstaller:profileinstaller:1.1.0] AndroidManifest.xml:41:13-57
59            <intent-filter>
59-->[androidx.profileinstaller:profileinstaller:1.1.0] AndroidManifest.xml:42:13-44:29
60                <action android:name="androidx.profileinstaller.action.INSTALL_PROFILE" />
60-->[androidx.profileinstaller:profileinstaller:1.1.0] AndroidManifest.xml:43:17-91
60-->[androidx.profileinstaller:profileinstaller:1.1.0] AndroidManifest.xml:43:25-88
61            </intent-filter>
62        </receiver>
63    </application>
64
65</manifest>